<?xml version="1.0" encoding="UTF-8"?>
<testng-results skipped="0" failed="0" ignored="0" total="1" passed="1">
  <reporter-output>
    <line>
      <![CDATA[==landing page open==]]>
    </line>
    <line>
      <![CDATA[==Browser Close==]]>
    </line>
  </reporter-output>
  <suite name="Default suite" duration-ms="12132" started-at="2020-06-16T12:29:25 EDT" finished-at="2020-06-16T12:29:37 EDT">
    <groups>
    </groups>
    <test name="Default test" duration-ms="12132" started-at="2020-06-16T12:29:25 EDT" finished-at="2020-06-16T12:29:37 EDT">
      <class name="model.Test003">
        <test-method status="PASS" signature="browserOpen()[pri:0, instance:model.Test003@1c3a4799]" name="browserOpen" is-config="true" duration-ms="10902" started-at="2020-06-16T12:29:25 EDT" finished-at="2020-06-16T12:29:36 EDT">
          <reporter-output>
            <line>
              <![CDATA[==landing page open==]]>
            </line>
          </reporter-output>
        </test-method> <!-- browserOpen -->
        <test-method status="PASS" signature="GitTest()[pri:0, instance:model.Test003@1c3a4799]" name="GitTest" duration-ms="219" started-at="2020-06-16T12:29:36 EDT" finished-at="2020-06-16T12:29:37 EDT">
          <reporter-output>
          </reporter-output>
        </test-method> <!-- GitTest -->
        <test-method status="PASS" signature="exBrowser()[pri:0, instance:model.Test003@1c3a4799]" name="exBrowser" is-config="true" duration-ms="917" started-at="2020-06-16T12:29:37 EDT" finished-at="2020-06-16T12:29:37 EDT">
          <reporter-output>
            <line>
              <![CDATA[==Browser Close==]]>
            </line>
          </reporter-output>
        </test-method> <!-- exBrowser -->
      </class> <!-- model.Test003 -->
    </test> <!-- Default test -->
  </suite> <!-- Default suite -->
</testng-results>
