<?xml version="1.0" encoding="UTF-8"?>
<!-- Generated by org.testng.reporters.JUnitXMLReporter -->
<testsuite hostname="DESKTOP-S8UUUM9" ignored="2" name="Default test" tests="2" failures="0" timestamp="2020-06-20T21:13:24 EDT" time="26.766" errors="0">
  <testcase name="login" time="6.892" classname="model.mouseOver01"/>
  <testcase name="mouseoverm" time="4.196" classname="model.mouseOver01"/>
  <testcase name="productDetailPage" time="0.0" classname="model.mouseOver01">
    <ignored/>
  </testcase> <!-- productDetailPage -->
  <testcase name="addToCart" time="0.0" classname="model.mouseOver01">
    <ignored/>
  </testcase> <!-- addToCart -->
</testsuite> <!-- Default test -->
